<?xml version="1.0" encoding="UTF-8"?>
<testsuite xmlns:xsi="http://www.w3.org/2001/XMLSchema-instance" xsi:noNamespaceSchemaLocation="https://maven.apache.org/surefire/maven-surefire-plugin/xsd/surefire-test-report.xsd" name="io.github.akoserwal.keycloakjwt.KeycloakTokenFilterTest" time="0.559" tests="1" errors="0" skipped="0" failures="0">
  <properties>
    <property name="sun.desktop" value="gnome"/>
    <property name="awt.toolkit" value="sun.awt.X11.XToolkit"/>
    <property name="file.encoding.pkg" value="sun.io"/>
    <property name="java.specification.version" value="1.8"/>
    <property name="sun.cpu.isalist" value=""/>
    <property name="sun.jnu.encoding" value="UTF-8"/>
    <property name="java.class.path" value="/home/akoserwa/contribute/abhi/keycloak-jwt/keycloakjwt/target/test-classes:/home/akoserwa/contribute/abhi/keycloak-jwt/keycloakjwt/target/classes:/home/akoserwa/.m2/repository/com/nimbusds/nimbus-jose-jwt/5.8/nimbus-jose-jwt-5.8.jar:/home/akoserwa/.m2/repository/com/github/stephenc/jcip/jcip-annotations/1.0-1/jcip-annotations-1.0-1.jar:/home/akoserwa/.m2/repository/net/minidev/json-smart/2.3/json-smart-2.3.jar:/home/akoserwa/.m2/repository/net/minidev/accessors-smart/1.2/accessors-smart-1.2.jar:/home/akoserwa/.m2/repository/org/ow2/asm/asm/5.0.4/asm-5.0.4.jar:/home/akoserwa/.m2/repository/org/apache/commons/commons-lang3/3.7/commons-lang3-3.7.jar:/home/akoserwa/.m2/repository/commons-codec/commons-codec/1.9/commons-codec-1.9.jar:/home/akoserwa/.m2/repository/org/springframework/spring-webmvc/5.0.4.RELEASE/spring-webmvc-5.0.4.RELEASE.jar:/home/akoserwa/.m2/repository/org/springframework/spring-aop/5.0.4.RELEASE/spring-aop-5.0.4.RELEASE.jar:/home/akoserwa/.m2/repository/org/springframework/spring-beans/5.0.4.RELEASE/spring-beans-5.0.4.RELEASE.jar:/home/akoserwa/.m2/repository/org/springframework/spring-context/5.0.4.RELEASE/spring-context-5.0.4.RELEASE.jar:/home/akoserwa/.m2/repository/org/springframework/spring-core/5.0.4.RELEASE/spring-core-5.0.4.RELEASE.jar:/home/akoserwa/.m2/repository/org/springframework/spring-jcl/5.0.4.RELEASE/spring-jcl-5.0.4.RELEASE.jar:/home/akoserwa/.m2/repository/org/springframework/spring-expression/5.0.4.RELEASE/spring-expression-5.0.4.RELEASE.jar:/home/akoserwa/.m2/repository/org/springframework/spring-web/5.0.4.RELEASE/spring-web-5.0.4.RELEASE.jar:/home/akoserwa/.m2/repository/org/springframework/security/spring-security-core/5.0.4.RELEASE/spring-security-core-5.0.4.RELEASE.jar:/home/akoserwa/.m2/repository/org/springframework/security/spring-security-web/5.0.4.RELEASE/spring-security-web-5.0.4.RELEASE.jar:/home/akoserwa/.m2/repository/javax/servlet/javax.servlet-api/3.0.1/javax.servlet-api-3.0.1.jar:/home/akoserwa/.m2/repository/org/mockito/mockito-junit-jupiter/2.18.0/mockito-junit-jupiter-2.18.0.jar:/home/akoserwa/.m2/repository/org/mockito/mockito-core/2.18.0/mockito-core-2.18.0.jar:/home/akoserwa/.m2/repository/net/bytebuddy/byte-buddy/1.8.3/byte-buddy-1.8.3.jar:/home/akoserwa/.m2/repository/net/bytebuddy/byte-buddy-agent/1.8.3/byte-buddy-agent-1.8.3.jar:/home/akoserwa/.m2/repository/org/objenesis/objenesis/2.6/objenesis-2.6.jar:/home/akoserwa/.m2/repository/org/junit/jupiter/junit-jupiter-api/5.3.0-M1/junit-jupiter-api-5.3.0-M1.jar:/home/akoserwa/.m2/repository/org/apiguardian/apiguardian-api/1.0.0/apiguardian-api-1.0.0.jar:/home/akoserwa/.m2/repository/org/opentest4j/opentest4j/1.1.0/opentest4j-1.1.0.jar:/home/akoserwa/.m2/repository/org/junit/platform/junit-platform-commons/1.3.0-M1/junit-platform-commons-1.3.0-M1.jar:/home/akoserwa/.m2/repository/org/junit/platform/junit-platform-launcher/1.2.0/junit-platform-launcher-1.2.0.jar:/home/akoserwa/.m2/repository/org/junit/platform/junit-platform-engine/1.2.0/junit-platform-engine-1.2.0.jar:"/>
    <property name="java.vm.vendor" value="Oracle Corporation"/>
    <property name="sun.arch.data.model" value="64"/>
    <property name="java.vendor.url" value="http://java.oracle.com/"/>
    <property name="user.timezone" value=""/>
    <property name="java.vm.specification.version" value="1.8"/>
    <property name="os.name" value="Linux"/>
    <property name="user.country" value="US"/>
    <property name="sun.java.launcher" value="SUN_STANDARD"/>
    <property name="sun.boot.library.path" value="/usr/lib/jvm/java-1.8.0-openjdk-1.8.0.171-3.b10.fc26.x86_64/jre/lib/amd64"/>
    <property name="sun.java.command" value="/home/akoserwa/contribute/abhi/keycloak-jwt/keycloakjwt/target/surefire/surefirebooter6561952521204365797.jar /home/akoserwa/contribute/abhi/keycloak-jwt/keycloakjwt/target/surefire 2018-08-03T14-15-17_887-jvmRun1 surefire7083521258204340154tmp surefire_02420502268835060295tmp"/>
    <property name="surefire.test.class.path" value="/home/akoserwa/contribute/abhi/keycloak-jwt/keycloakjwt/target/test-classes:/home/akoserwa/contribute/abhi/keycloak-jwt/keycloakjwt/target/classes:/home/akoserwa/.m2/repository/com/nimbusds/nimbus-jose-jwt/5.8/nimbus-jose-jwt-5.8.jar:/home/akoserwa/.m2/repository/com/github/stephenc/jcip/jcip-annotations/1.0-1/jcip-annotations-1.0-1.jar:/home/akoserwa/.m2/repository/net/minidev/json-smart/2.3/json-smart-2.3.jar:/home/akoserwa/.m2/repository/net/minidev/accessors-smart/1.2/accessors-smart-1.2.jar:/home/akoserwa/.m2/repository/org/ow2/asm/asm/5.0.4/asm-5.0.4.jar:/home/akoserwa/.m2/repository/org/apache/commons/commons-lang3/3.7/commons-lang3-3.7.jar:/home/akoserwa/.m2/repository/commons-codec/commons-codec/1.9/commons-codec-1.9.jar:/home/akoserwa/.m2/repository/org/springframework/spring-webmvc/5.0.4.RELEASE/spring-webmvc-5.0.4.RELEASE.jar:/home/akoserwa/.m2/repository/org/springframework/spring-aop/5.0.4.RELEASE/spring-aop-5.0.4.RELEASE.jar:/home/akoserwa/.m2/repository/org/springframework/spring-beans/5.0.4.RELEASE/spring-beans-5.0.4.RELEASE.jar:/home/akoserwa/.m2/repository/org/springframework/spring-context/5.0.4.RELEASE/spring-context-5.0.4.RELEASE.jar:/home/akoserwa/.m2/repository/org/springframework/spring-core/5.0.4.RELEASE/spring-core-5.0.4.RELEASE.jar:/home/akoserwa/.m2/repository/org/springframework/spring-jcl/5.0.4.RELEASE/spring-jcl-5.0.4.RELEASE.jar:/home/akoserwa/.m2/repository/org/springframework/spring-expression/5.0.4.RELEASE/spring-expression-5.0.4.RELEASE.jar:/home/akoserwa/.m2/repository/org/springframework/spring-web/5.0.4.RELEASE/spring-web-5.0.4.RELEASE.jar:/home/akoserwa/.m2/repository/org/springframework/security/spring-security-core/5.0.4.RELEASE/spring-security-core-5.0.4.RELEASE.jar:/home/akoserwa/.m2/repository/org/springframework/security/spring-security-web/5.0.4.RELEASE/spring-security-web-5.0.4.RELEASE.jar:/home/akoserwa/.m2/repository/javax/servlet/javax.servlet-api/3.0.1/javax.servlet-api-3.0.1.jar:/home/akoserwa/.m2/repository/org/mockito/mockito-junit-jupiter/2.18.0/mockito-junit-jupiter-2.18.0.jar:/home/akoserwa/.m2/repository/org/mockito/mockito-core/2.18.0/mockito-core-2.18.0.jar:/home/akoserwa/.m2/repository/net/bytebuddy/byte-buddy/1.8.3/byte-buddy-1.8.3.jar:/home/akoserwa/.m2/repository/net/bytebuddy/byte-buddy-agent/1.8.3/byte-buddy-agent-1.8.3.jar:/home/akoserwa/.m2/repository/org/objenesis/objenesis/2.6/objenesis-2.6.jar:/home/akoserwa/.m2/repository/org/junit/jupiter/junit-jupiter-api/5.3.0-M1/junit-jupiter-api-5.3.0-M1.jar:/home/akoserwa/.m2/repository/org/apiguardian/apiguardian-api/1.0.0/apiguardian-api-1.0.0.jar:/home/akoserwa/.m2/repository/org/opentest4j/opentest4j/1.1.0/opentest4j-1.1.0.jar:/home/akoserwa/.m2/repository/org/junit/platform/junit-platform-commons/1.3.0-M1/junit-platform-commons-1.3.0-M1.jar:/home/akoserwa/.m2/repository/org/junit/platform/junit-platform-launcher/1.2.0/junit-platform-launcher-1.2.0.jar:/home/akoserwa/.m2/repository/org/junit/platform/junit-platform-engine/1.2.0/junit-platform-engine-1.2.0.jar:"/>
    <property name="sun.cpu.endian" value="little"/>
    <property name="user.home" value="/home/akoserwa"/>
    <property name="user.language" value="en"/>
    <property name="java.specification.vendor" value="Oracle Corporation"/>
    <property name="java.home" value="/usr/lib/jvm/java-1.8.0-openjdk-1.8.0.171-3.b10.fc26.x86_64/jre"/>
    <property name="basedir" value="/home/akoserwa/contribute/abhi/keycloak-jwt/keycloakjwt"/>
    <property name="file.separator" value="/"/>
    <property name="line.separator" value="&#10;"/>
    <property name="java.vm.specification.vendor" value="Oracle Corporation"/>
    <property name="java.specification.name" value="Java Platform API Specification"/>
    <property name="java.awt.graphicsenv" value="sun.awt.X11GraphicsEnvironment"/>
    <property name="surefire.real.class.path" value="/home/akoserwa/contribute/abhi/keycloak-jwt/keycloakjwt/target/surefire/surefirebooter6561952521204365797.jar"/>
    <property name="sun.boot.class.path" value="/usr/lib/jvm/java-1.8.0-openjdk-1.8.0.171-3.b10.fc26.x86_64/jre/lib/resources.jar:/usr/lib/jvm/java-1.8.0-openjdk-1.8.0.171-3.b10.fc26.x86_64/jre/lib/rt.jar:/usr/lib/jvm/java-1.8.0-openjdk-1.8.0.171-3.b10.fc26.x86_64/jre/lib/sunrsasign.jar:/usr/lib/jvm/java-1.8.0-openjdk-1.8.0.171-3.b10.fc26.x86_64/jre/lib/jsse.jar:/usr/lib/jvm/java-1.8.0-openjdk-1.8.0.171-3.b10.fc26.x86_64/jre/lib/jce.jar:/usr/lib/jvm/java-1.8.0-openjdk-1.8.0.171-3.b10.fc26.x86_64/jre/lib/charsets.jar:/usr/lib/jvm/java-1.8.0-openjdk-1.8.0.171-3.b10.fc26.x86_64/jre/lib/jfr.jar:/usr/lib/jvm/java-1.8.0-openjdk-1.8.0.171-3.b10.fc26.x86_64/jre/classes"/>
    <property name="sun.management.compiler" value="HotSpot 64-Bit Tiered Compilers"/>
    <property name="java.runtime.version" value="1.8.0_171-b10"/>
    <property name="user.name" value="akoserwa"/>
    <property name="path.separator" value=":"/>
    <property name="os.version" value="4.16.11-100.fc26.x86_64"/>
    <property name="java.endorsed.dirs" value="/usr/lib/jvm/java-1.8.0-openjdk-1.8.0.171-3.b10.fc26.x86_64/jre/lib/endorsed"/>
    <property name="java.runtime.name" value="OpenJDK Runtime Environment"/>
    <property name="file.encoding" value="UTF-8"/>
    <property name="java.vm.name" value="OpenJDK 64-Bit Server VM"/>
    <property name="localRepository" value="/home/akoserwa/.m2/repository"/>
    <property name="java.vendor.url.bug" value="http://bugreport.sun.com/bugreport/"/>
    <property name="java.io.tmpdir" value="/tmp"/>
    <property name="java.version" value="1.8.0_171"/>
    <property name="user.dir" value="/home/akoserwa/contribute/abhi/keycloak-jwt/keycloakjwt"/>
    <property name="os.arch" value="amd64"/>
    <property name="java.vm.specification.name" value="Java Virtual Machine Specification"/>
    <property name="java.awt.printerjob" value="sun.print.PSPrinterJob"/>
    <property name="sun.os.patch.level" value="unknown"/>
    <property name="java.library.path" value="/home/akoserwa/.local/share/JetBrains/Toolbox/apps/IDEA-C/ch-0/172.4574.19/bin::/usr/java/packages/lib/amd64:/usr/lib64:/lib64:/lib:/usr/lib"/>
    <property name="java.vm.info" value="mixed mode"/>
    <property name="java.vendor" value="Oracle Corporation"/>
    <property name="java.vm.version" value="25.171-b10"/>
    <property name="java.ext.dirs" value="/usr/lib/jvm/java-1.8.0-openjdk-1.8.0.171-3.b10.fc26.x86_64/jre/lib/ext:/usr/java/packages/lib/ext"/>
    <property name="sun.io.unicode.encoding" value="UnicodeLittle"/>
    <property name="java.class.version" value="52.0"/>
  </properties>
  <testcase name="test_doFilterInternal" classname="io.github.akoserwal.keycloakjwt.KeycloakTokenFilterTest" time="0.558"/>
</testsuite>